<?xml version="1.0" encoding="UTF-8"?>
<testsuites name="SanitySuite" time="34.913" tests="2" failures="0" errors="0">
   <testsuite name="SanitySuite" tests="2" failures="0" errors="0" time="34.913" skipped="0" timestamp="2023-12-17 18:38:15" hostname="Sachin - 192.168.1.64" id="Test Suites/SanitySuite">
      <properties>
         <property name="deviceName" value=""/>
         <property name="devicePlatform" value=""/>
         <property name="logFolder" value="C:\\Users\\Sachin\\git\\KatalonRepo\\Reports\\20231217_183805\\SanitySuite\\20231217_183805"/>
         <property name="logFiles" value="C:\\Users\\Sachin\\git\\KatalonRepo\\Reports\\20231217_183805\\SanitySuite\\20231217_183805\\execution0.log"/>
         <property name="attachments" value=""/>
         <property name="hostName" value="Sachin - 192.168.1.64"/>
         <property name="os" value="Windows 11 64bit"/>
         <property name="katalonVersion" value="8.6.6.208"/>
         <property name="browser" value="Chrome 120.0.0.0"/>
         <property name="hostAddress" value="192.168.1.64"/>
         <property name="sessionId" value="c4d6087a76aa778ffc9392822de83557"/>
         <property name="seleniumVersion" value="3.141.59"/>
         <property name="proxyInformation" value="ProxyInformation { proxyOption=NO_PROXY, proxyServerType=HTTP, username=, password=********, proxyServerAddress=, proxyServerPort=0, executionList=&quot;&quot;, isApplyToDesiredCapabilities=true }"/>
         <property name="platform" value="Windows 11"/>
      </properties>
      <testcase name="Test Cases/LoginTest" time="12.308" classname="Test Cases/LoginTest" status="PASSED">
         <system-out><![CDATA[2023-12-17 18:38:15 - [TEST_CASE][PASSED] - Test Cases/LoginTest: Test Cases/LoginTest

2023-12-17 18:38:16 - [TEST_STEP][PASSED] - openBrowser(""): Browser is opened with url: ''

2023-12-17 18:38:16 - [MESSAGE][INFO] - Starting 'Chrome' driver

2023-12-17 18:38:16 - [MESSAGE][INFO] - Action delay is set to 0 milliseconds

2023-12-17 18:38:19 - [MESSAGE][PASSED] - Browser is opened with url: ''

2023-12-17 18:38:19 - [TEST_STEP][PASSED] - navigateToUrl("https://pl-qa-pantheon-mock.eks.qritive.com/signin"): Navigate to 'https://pl-qa-pantheon-mock.eks.qritive.com/signin' successfully

2023-12-17 18:38:22 - [MESSAGE][PASSED] - Navigate to 'https://pl-qa-pantheon-mock.eks.qritive.com/signin' successfully

2023-12-17 18:38:22 - [TEST_STEP][PASSED] - setText(findTestObject("Object Repository/Page_Pantheon/input_Email_ant-input style__TextInputWrapp_ced313"), "testingpurposesel@gmail.com"): Text 'testingpurposesel@gmail.com' is set on object 'Object Repository/Page_Pantheon/input_Email_ant-input style__TextInputWrapp_ced313'

2023-12-17 18:38:23 - [MESSAGE][PASSED] - Text 'testingpurposesel@gmail.com' is set on object 'Object Repository/Page_Pantheon/input_Email_ant-input style__TextInputWrapp_ced313'

2023-12-17 18:38:23 - [TEST_STEP][PASSED] - setEncryptedText(findTestObject("Object Repository/Page_Pantheon/input_Password_ant-input"), "03ZG93lrBnMy0VKFZPeiCg=="): Text ****** has been set on object 'Object Repository/Page_Pantheon/input_Password_ant-input'

2023-12-17 18:38:24 - [MESSAGE][PASSED] - Text ****** has been set on object 'Object Repository/Page_Pantheon/input_Password_ant-input'

2023-12-17 18:38:24 - [TEST_STEP][PASSED] - click(findTestObject("Object Repository/Page_Pantheon/span_Sign In")): Object: 'Object Repository/Page_Pantheon/span_Sign In' is clicked on

2023-12-17 18:38:25 - [MESSAGE][PASSED] - Object: 'Object Repository/Page_Pantheon/span_Sign In' is clicked on

2023-12-17 18:38:25 - [TEST_STEP][PASSED] - verifyElementText(findTestObject("Object Repository/Page_Pantheon/div_Hi, Vrushali D"), "Hi, Vrushali D"): Actual text and expected text of test object 'Object Repository/Page_Pantheon/div_Hi, Vrushali D' are matched.

2023-12-17 18:38:27 - [MESSAGE][PASSED] - Actual text and expected text of test object 'Object Repository/Page_Pantheon/div_Hi, Vrushali D' are matched.

2023-12-17 18:38:27 - [TEST_STEP][PASSED] - closeBrowser(): Browser is closed

2023-12-17 18:38:28 - [MESSAGE][PASSED] - Browser is closed]]></system-out>
         <system-err><![CDATA[]]></system-err>
      </testcase>
      <testcase name="Test Cases/ShareCase" time="22.255" classname="Test Cases/ShareCase" status="PASSED">
         <system-out><![CDATA[2023-12-17 18:38:28 - [TEST_CASE][PASSED] - Test Cases/ShareCase: Test Cases/ShareCase

2023-12-17 18:38:29 - [TEST_STEP][PASSED] - openBrowser(""): Browser is opened with url: ''

2023-12-17 18:38:29 - [MESSAGE][INFO] - Starting 'Chrome' driver

2023-12-17 18:38:29 - [MESSAGE][INFO] - Action delay is set to 0 milliseconds

2023-12-17 18:38:30 - [MESSAGE][PASSED] - Browser is opened with url: ''

2023-12-17 18:38:30 - [TEST_STEP][PASSED] - navigateToUrl("https://pl-qa-pantheon-mock.eks.qritive.com/signin"): Navigate to 'https://pl-qa-pantheon-mock.eks.qritive.com/signin' successfully

2023-12-17 18:38:33 - [MESSAGE][PASSED] - Navigate to 'https://pl-qa-pantheon-mock.eks.qritive.com/signin' successfully

2023-12-17 18:38:33 - [TEST_STEP][PASSED] - setText(findTestObject("Object Repository/Page_Pantheon/input_Email_ant-input style__TextInputWrapp_ced313"), "testingpurposesel@gmail.com"): Text 'testingpurposesel@gmail.com' is set on object 'Object Repository/Page_Pantheon/input_Email_ant-input style__TextInputWrapp_ced313'

2023-12-17 18:38:35 - [MESSAGE][PASSED] - Text 'testingpurposesel@gmail.com' is set on object 'Object Repository/Page_Pantheon/input_Email_ant-input style__TextInputWrapp_ced313'

2023-12-17 18:38:35 - [TEST_STEP][PASSED] - setEncryptedText(findTestObject("Object Repository/Page_Pantheon/input_Password_ant-input"), "03ZG93lrBnMy0VKFZPeiCg=="): Text ****** has been set on object 'Object Repository/Page_Pantheon/input_Password_ant-input'

2023-12-17 18:38:36 - [MESSAGE][PASSED] - Text ****** has been set on object 'Object Repository/Page_Pantheon/input_Password_ant-input'

2023-12-17 18:38:36 - [TEST_STEP][PASSED] - click(findTestObject("Object Repository/Page_Pantheon/span_Sign In")): Object: 'Object Repository/Page_Pantheon/span_Sign In' is clicked on

2023-12-17 18:38:37 - [MESSAGE][PASSED] - Object: 'Object Repository/Page_Pantheon/span_Sign In' is clicked on

2023-12-17 18:38:37 - [TEST_STEP][PASSED] - click(findTestObject("Object Repository/Page_Pantheon/svg")): Object: 'Object Repository/Page_Pantheon/svg' is clicked on

2023-12-17 18:38:39 - [MESSAGE][PASSED] - Object: 'Object Repository/Page_Pantheon/svg' is clicked on

2023-12-17 18:38:39 - [TEST_STEP][PASSED] - click(findTestObject("Object Repository/Page_Pantheon/div_")): Object: 'Object Repository/Page_Pantheon/div_' is clicked on

2023-12-17 18:38:40 - [MESSAGE][PASSED] - Object: 'Object Repository/Page_Pantheon/div_' is clicked on

2023-12-17 18:38:40 - [TEST_STEP][PASSED] - setText(findTestObject("Object Repository/Page_Pantheon/input_People_rc_select_0"), "testing"): Text 'testing' is set on object 'Object Repository/Page_Pantheon/input_People_rc_select_0'

2023-12-17 18:38:42 - [MESSAGE][PASSED] - Text 'testing' is set on object 'Object Repository/Page_Pantheon/input_People_rc_select_0'

2023-12-17 18:38:42 - [TEST_STEP][PASSED] - click(findTestObject("Object Repository/Page_Pantheon/div_testingpurpose2412rediffmail.com")): Object: 'Object Repository/Page_Pantheon/div_testingpurpose2412rediffmail.com' is clicked on

2023-12-17 18:38:44 - [MESSAGE][PASSED] - Object: 'Object Repository/Page_Pantheon/div_testingpurpose2412rediffmail.com' is clicked on

2023-12-17 18:38:44 - [TEST_STEP][PASSED] - click(findTestObject("Object Repository/Page_Pantheon/button_Share")): Object: 'Object Repository/Page_Pantheon/button_Share' is clicked on

2023-12-17 18:38:44 - [MESSAGE][PASSED] - Object: 'Object Repository/Page_Pantheon/button_Share' is clicked on

2023-12-17 18:38:44 - [TEST_STEP][PASSED] - click(findTestObject("Object Repository/Page_Pantheon/svg")): Object: 'Object Repository/Page_Pantheon/svg' is clicked on

2023-12-17 18:38:47 - [MESSAGE][PASSED] - Object: 'Object Repository/Page_Pantheon/svg' is clicked on

2023-12-17 18:38:47 - [TEST_STEP][PASSED] - verifyElementText(findTestObject("Object Repository/Page_Pantheon/div_testingpurpose2412rediffmail.com"), "testingpurpose2412@rediffmail.com"): Actual text and expected text of test object 'Object Repository/Page_Pantheon/div_testingpurpose2412rediffmail.com' are matched.

2023-12-17 18:38:48 - [MESSAGE][PASSED] - Actual text and expected text of test object 'Object Repository/Page_Pantheon/div_testingpurpose2412rediffmail.com' are matched.

2023-12-17 18:38:48 - [TEST_STEP][PASSED] - click(findTestObject("Object Repository/Page_Pantheon/svg_1")): Object: 'Object Repository/Page_Pantheon/svg_1' is clicked on

2023-12-17 18:38:49 - [MESSAGE][PASSED] - Object: 'Object Repository/Page_Pantheon/svg_1' is clicked on

2023-12-17 18:38:49 - [TEST_STEP][PASSED] - closeBrowser(): Browser is closed

2023-12-17 18:38:50 - [MESSAGE][PASSED] - Browser is closed]]></system-out>
         <system-err><![CDATA[]]></system-err>
      </testcase>
      <system-out><![CDATA[2023-12-17 18:38:15 - [TEST_SUITE][PASSED] - SanitySuite: Test Cases/ShareCase]]></system-out>
      <system-err><![CDATA[]]></system-err>
   </testsuite>
</testsuites>
