<?xml version="1.0" encoding="UTF-8"?>
<testsuites name="SanitySuite" time="39.909" tests="1" failures="0" errors="0">
   <testsuite name="SanitySuite" tests="1" failures="0" errors="0" time="39.909" skipped="0" timestamp="2023-12-19 13:25:26" hostname="Sachin - DESKTOP-6JUGJ4I" id="Test Suites/SanitySuite">
      <properties>
         <property name="deviceName" value=""/>
         <property name="devicePlatform" value=""/>
         <property name="logFolder" value="C:\\Users\\Sachin\\git\\KatalonRepo\\Reports\\20231219_132518\\SanitySuite\\20231219_132518"/>
         <property name="logFiles" value="C:\\Users\\Sachin\\git\\KatalonRepo\\Reports\\20231219_132518\\SanitySuite\\20231219_132518\\execution0.log"/>
         <property name="attachments" value=""/>
         <property name="hostName" value="Sachin - DESKTOP-6JUGJ4I"/>
         <property name="os" value="Windows 11 64bit"/>
         <property name="katalonVersion" value="8.6.6.208"/>
         <property name="browser" value="Chrome 120.0.0.0"/>
         <property name="hostAddress" value="192.168.0.104"/>
         <property name="sessionId" value="433a2cff3ad4a396418720f0a5c18c85"/>
         <property name="seleniumVersion" value="3.141.59"/>
         <property name="proxyInformation" value="ProxyInformation { proxyOption=NO_PROXY, proxyServerType=HTTP, username=, password=********, proxyServerAddress=, proxyServerPort=0, executionList=&quot;&quot;, isApplyToDesiredCapabilities=true }"/>
         <property name="platform" value="Windows 11"/>
      </properties>
      <testcase name="Test Cases/SCRUM-1 User login" time="39.58" classname="Test Cases/SCRUM-1 User login" status="PASSED">
         <system-out><![CDATA[2023-12-19 13:25:27 - [TEST_CASE][PASSED] - Test Cases/SCRUM-1 User login: Test Cases/SCRUM-1 User login

2023-12-19 13:25:27 - [TEST_STEP][PASSED] - openBrowser(""): Browser is opened with url: ''

2023-12-19 13:25:28 - [MESSAGE][INFO] - Starting 'Chrome' driver

2023-12-19 13:25:28 - [MESSAGE][INFO] - Action delay is set to 0 milliseconds

2023-12-19 13:25:30 - [MESSAGE][PASSED] - Browser is opened with url: ''

2023-12-19 13:25:30 - [TEST_STEP][PASSED] - navigateToUrl("https://pl-qa-pantheon-mock.eks.qritive.com/signin"): Navigate to 'https://pl-qa-pantheon-mock.eks.qritive.com/signin' successfully

2023-12-19 13:25:33 - [MESSAGE][PASSED] - Navigate to 'https://pl-qa-pantheon-mock.eks.qritive.com/signin' successfully

2023-12-19 13:25:33 - [TEST_STEP][PASSED] - setText(findTestObject("Object Repository/Page_Pantheon/input_Email_ant-input style__TextInputWrapp_ced313"), "testingpurposesel@gmail.com"): Text 'testingpurposesel@gmail.com' is set on object 'Object Repository/Page_Pantheon/input_Email_ant-input style__TextInputWrapp_ced313'

2023-12-19 13:25:34 - [MESSAGE][PASSED] - Text 'testingpurposesel@gmail.com' is set on object 'Object Repository/Page_Pantheon/input_Email_ant-input style__TextInputWrapp_ced313'

2023-12-19 13:25:34 - [TEST_STEP][PASSED] - setEncryptedText(findTestObject("Object Repository/Page_Pantheon/input_Password_ant-input"), "03ZG93lrBnMy0VKFZPeiCg=="): Text ****** has been set on object 'Object Repository/Page_Pantheon/input_Password_ant-input'

2023-12-19 13:26:05 - [MESSAGE][INFO] - Unable to find the element located by 'By.xpath: //input[@value='Q']'. Please recheck the objects properties to make sure the desired element is located. 

2023-12-19 13:26:05 - [MESSAGE][WARNING] - [SELF-HEALING] Failed to find element with id 'Object Repository/Page_Pantheon/input_Password_ant-input'. Try using Self-healing.

2023-12-19 13:26:05 - [MESSAGE][WARNING] - [SELF-HEALING] The current locator of test object 'Object Repository/Page_Pantheon/input_Password_ant-input' was broken. Propose an alternative one: '//form[@id='signUpEmail']/div[2]/div/div/div/div/div/span/input'.

2023-12-19 13:26:06 - [MESSAGE][PASSED] - Text ****** has been set on object 'Object Repository/Page_Pantheon/input_Password_ant-input'

2023-12-19 13:26:06 - [TEST_STEP][PASSED] - click(findTestObject("Object Repository/Page_Pantheon/button_Sign In")): Object: 'Object Repository/Page_Pantheon/button_Sign In' is clicked on

2023-12-19 13:26:06 - [MESSAGE][PASSED] - Object: 'Object Repository/Page_Pantheon/button_Sign In' is clicked on]]></system-out>
         <system-err><![CDATA[]]></system-err>
      </testcase>
      <system-out><![CDATA[2023-12-19 13:25:26 - [TEST_SUITE][PASSED] - SanitySuite: Test Cases/SCRUM-1 User login]]></system-out>
      <system-err><![CDATA[]]></system-err>
   </testsuite>
</testsuites>
