<?xml version="1.0" encoding="UTF-8"?>
<testsuites name="SanitySuite" time="37.016" tests="2" failures="0" errors="0">
   <testsuite name="SanitySuite" tests="2" failures="0" errors="0" time="37.016" skipped="0" timestamp="2023-12-17 19:57:42" hostname="Sachin - 192.168.1.64" id="Test Suites/SanitySuite">
      <properties>
         <property name="deviceName" value=""/>
         <property name="devicePlatform" value=""/>
         <property name="logFolder" value="C:\\Users\\Sachin\\git\\KatalonRepo\\Reports\\20231217_195721\\SanitySuite\\20231217_195722"/>
         <property name="logFiles" value="C:\\Users\\Sachin\\git\\KatalonRepo\\Reports\\20231217_195721\\SanitySuite\\20231217_195722\\execution0.log"/>
         <property name="attachments" value=""/>
         <property name="hostName" value="Sachin - 192.168.1.64"/>
         <property name="os" value="Windows 11 64bit"/>
         <property name="katalonVersion" value="8.6.6.208"/>
         <property name="browser" value="Chrome 120.0.0.0"/>
         <property name="hostAddress" value="192.168.1.64"/>
         <property name="sessionId" value="01bed990a530ad8a2e8f32f798235155"/>
         <property name="seleniumVersion" value="3.141.59"/>
         <property name="proxyInformation" value="ProxyInformation { proxyOption=NO_PROXY, proxyServerType=HTTP, username=, password=********, proxyServerAddress=, proxyServerPort=0, executionList=&quot;&quot;, isApplyToDesiredCapabilities=true }"/>
         <property name="platform" value="Windows 11"/>
      </properties>
      <testcase name="Test Cases/LoginTest" time="13.716" classname="Test Cases/LoginTest" status="PASSED">
         <system-out><![CDATA[2023-12-17 19:57:43 - [TEST_CASE][PASSED] - Test Cases/LoginTest: Test Cases/LoginTest

2023-12-17 19:57:43 - [TEST_STEP][PASSED] - openBrowser(""): Browser is opened with url: ''

2023-12-17 19:57:44 - [MESSAGE][INFO] - Starting 'Chrome' driver

2023-12-17 19:57:44 - [MESSAGE][INFO] - Action delay is set to 0 milliseconds

2023-12-17 19:57:46 - [MESSAGE][PASSED] - Browser is opened with url: ''

2023-12-17 19:57:46 - [TEST_STEP][PASSED] - navigateToUrl("https://pl-qa-pantheon-mock.eks.qritive.com/signin"): Navigate to 'https://pl-qa-pantheon-mock.eks.qritive.com/signin' successfully

2023-12-17 19:57:51 - [MESSAGE][PASSED] - Navigate to 'https://pl-qa-pantheon-mock.eks.qritive.com/signin' successfully

2023-12-17 19:57:51 - [TEST_STEP][PASSED] - setText(findTestObject("Object Repository/Page_Pantheon/input_Email_ant-input style__TextInputWrapp_ced313"), "testingpurposesel@gmail.com"): Text 'testingpurposesel@gmail.com' is set on object 'Object Repository/Page_Pantheon/input_Email_ant-input style__TextInputWrapp_ced313'

2023-12-17 19:57:52 - [MESSAGE][PASSED] - Text 'testingpurposesel@gmail.com' is set on object 'Object Repository/Page_Pantheon/input_Email_ant-input style__TextInputWrapp_ced313'

2023-12-17 19:57:52 - [TEST_STEP][PASSED] - setEncryptedText(findTestObject("Object Repository/Page_Pantheon/input_Password_ant-input"), "03ZG93lrBnMy0VKFZPeiCg=="): Text ****** has been set on object 'Object Repository/Page_Pantheon/input_Password_ant-input'

2023-12-17 19:57:53 - [MESSAGE][PASSED] - Text ****** has been set on object 'Object Repository/Page_Pantheon/input_Password_ant-input'

2023-12-17 19:57:53 - [TEST_STEP][PASSED] - click(findTestObject("Object Repository/Page_Pantheon/span_Sign In")): Object: 'Object Repository/Page_Pantheon/span_Sign In' is clicked on

2023-12-17 19:57:54 - [MESSAGE][PASSED] - Object: 'Object Repository/Page_Pantheon/span_Sign In' is clicked on

2023-12-17 19:57:54 - [TEST_STEP][PASSED] - verifyElementText(findTestObject("Object Repository/Page_Pantheon/div_Hi, Vrushali D"), "Hi, Vrushali D"): Actual text and expected text of test object 'Object Repository/Page_Pantheon/div_Hi, Vrushali D' are matched.

2023-12-17 19:57:56 - [MESSAGE][PASSED] - Actual text and expected text of test object 'Object Repository/Page_Pantheon/div_Hi, Vrushali D' are matched.

2023-12-17 19:57:56 - [TEST_STEP][PASSED] - closeBrowser(): Browser is closed

2023-12-17 19:57:57 - [MESSAGE][PASSED] - Browser is closed]]></system-out>
         <system-err><![CDATA[]]></system-err>
      </testcase>
      <testcase name="Test Cases/ShareCase" time="22.906" classname="Test Cases/ShareCase" status="PASSED">
         <system-out><![CDATA[2023-12-17 19:57:57 - [TEST_CASE][PASSED] - Test Cases/ShareCase: Test Cases/ShareCase

2023-12-17 19:57:57 - [TEST_STEP][PASSED] - openBrowser(""): Browser is opened with url: ''

2023-12-17 19:57:57 - [MESSAGE][INFO] - Starting 'Chrome' driver

2023-12-17 19:57:57 - [MESSAGE][INFO] - Action delay is set to 0 milliseconds

2023-12-17 19:57:58 - [MESSAGE][PASSED] - Browser is opened with url: ''

2023-12-17 19:57:59 - [TEST_STEP][PASSED] - navigateToUrl("https://pl-qa-pantheon-mock.eks.qritive.com/signin"): Navigate to 'https://pl-qa-pantheon-mock.eks.qritive.com/signin' successfully

2023-12-17 19:58:03 - [MESSAGE][PASSED] - Navigate to 'https://pl-qa-pantheon-mock.eks.qritive.com/signin' successfully

2023-12-17 19:58:03 - [TEST_STEP][PASSED] - setText(findTestObject("Object Repository/Page_Pantheon/input_Email_ant-input style__TextInputWrapp_ced313"), "testingpurposesel@gmail.com"): Text 'testingpurposesel@gmail.com' is set on object 'Object Repository/Page_Pantheon/input_Email_ant-input style__TextInputWrapp_ced313'

2023-12-17 19:58:04 - [MESSAGE][PASSED] - Text 'testingpurposesel@gmail.com' is set on object 'Object Repository/Page_Pantheon/input_Email_ant-input style__TextInputWrapp_ced313'

2023-12-17 19:58:04 - [TEST_STEP][PASSED] - setEncryptedText(findTestObject("Object Repository/Page_Pantheon/input_Password_ant-input"), "03ZG93lrBnMy0VKFZPeiCg=="): Text ****** has been set on object 'Object Repository/Page_Pantheon/input_Password_ant-input'

2023-12-17 19:58:05 - [MESSAGE][PASSED] - Text ****** has been set on object 'Object Repository/Page_Pantheon/input_Password_ant-input'

2023-12-17 19:58:05 - [TEST_STEP][PASSED] - click(findTestObject("Object Repository/Page_Pantheon/span_Sign In")): Object: 'Object Repository/Page_Pantheon/span_Sign In' is clicked on

2023-12-17 19:58:06 - [MESSAGE][PASSED] - Object: 'Object Repository/Page_Pantheon/span_Sign In' is clicked on

2023-12-17 19:58:06 - [TEST_STEP][PASSED] - click(findTestObject("Object Repository/Page_Pantheon/svg")): Object: 'Object Repository/Page_Pantheon/svg' is clicked on

2023-12-17 19:58:08 - [MESSAGE][PASSED] - Object: 'Object Repository/Page_Pantheon/svg' is clicked on

2023-12-17 19:58:08 - [TEST_STEP][PASSED] - click(findTestObject("Object Repository/Page_Pantheon/div_")): Object: 'Object Repository/Page_Pantheon/div_' is clicked on

2023-12-17 19:58:09 - [MESSAGE][PASSED] - Object: 'Object Repository/Page_Pantheon/div_' is clicked on

2023-12-17 19:58:09 - [TEST_STEP][PASSED] - setText(findTestObject("Object Repository/Page_Pantheon/input_People_rc_select_0"), "testing"): Text 'testing' is set on object 'Object Repository/Page_Pantheon/input_People_rc_select_0'

2023-12-17 19:58:10 - [MESSAGE][PASSED] - Text 'testing' is set on object 'Object Repository/Page_Pantheon/input_People_rc_select_0'

2023-12-17 19:58:10 - [TEST_STEP][PASSED] - click(findTestObject("Object Repository/Page_Pantheon/div_testingpurpose2412rediffmail.com")): Object: 'Object Repository/Page_Pantheon/div_testingpurpose2412rediffmail.com' is clicked on

2023-12-17 19:58:12 - [MESSAGE][PASSED] - Object: 'Object Repository/Page_Pantheon/div_testingpurpose2412rediffmail.com' is clicked on

2023-12-17 19:58:12 - [TEST_STEP][PASSED] - click(findTestObject("Object Repository/Page_Pantheon/button_Share")): Object: 'Object Repository/Page_Pantheon/button_Share' is clicked on

2023-12-17 19:58:13 - [MESSAGE][PASSED] - Object: 'Object Repository/Page_Pantheon/button_Share' is clicked on

2023-12-17 19:58:13 - [TEST_STEP][PASSED] - click(findTestObject("Object Repository/Page_Pantheon/svg")): Object: 'Object Repository/Page_Pantheon/svg' is clicked on

2023-12-17 19:58:15 - [MESSAGE][PASSED] - Object: 'Object Repository/Page_Pantheon/svg' is clicked on

2023-12-17 19:58:15 - [TEST_STEP][PASSED] - verifyElementText(findTestObject("Object Repository/Page_Pantheon/div_testingpurpose2412rediffmail.com"), "testingpurpose2412@rediffmail.com"): Actual text and expected text of test object 'Object Repository/Page_Pantheon/div_testingpurpose2412rediffmail.com' are matched.

2023-12-17 19:58:18 - [MESSAGE][PASSED] - Actual text and expected text of test object 'Object Repository/Page_Pantheon/div_testingpurpose2412rediffmail.com' are matched.

2023-12-17 19:58:18 - [TEST_STEP][PASSED] - click(findTestObject("Object Repository/Page_Pantheon/svg_1")): Object: 'Object Repository/Page_Pantheon/svg_1' is clicked on

2023-12-17 19:58:19 - [MESSAGE][PASSED] - Object: 'Object Repository/Page_Pantheon/svg_1' is clicked on

2023-12-17 19:58:19 - [TEST_STEP][PASSED] - closeBrowser(): Browser is closed

2023-12-17 19:58:19 - [MESSAGE][PASSED] - Browser is closed]]></system-out>
         <system-err><![CDATA[]]></system-err>
      </testcase>
      <system-out><![CDATA[2023-12-17 19:57:42 - [TEST_SUITE][PASSED] - SanitySuite: Test Cases/ShareCase]]></system-out>
      <system-err><![CDATA[]]></system-err>
   </testsuite>
</testsuites>
